<?xml version="1.0" encoding="UTF-8"?>
<testsuites>
  <testsuite name="Doctors Page Test Suite" timestamp="2022-03-18T13:17:13" time="5.155" tests="4" failures="0" errors="0" skipped="0">
    <properties>
      <property name="specId" value="0"/>
      <property name="suiteName" value="Doctors Page Test Suite"/>
      <property name="capabilities" value="firefox.97_0_1.mac"/>
      <property name="file" value="./test/specs/test.spec.js"/>
    </properties>
    <testcase classname="firefox.97_0_1.mac.Doctors_Page_Test_Suite" name="should open page" time="2.739">
      <system-out><![CDATA[
COMMAND: POST /session/e79b57c0-90c5-4791-84a3-e6d9c12a7ec6/url - {"url":"https://ej2.syncfusion.com/showcase/angular/appointmentplanner/#/dashboard"}
RESULT: {"url":"https://ej2.syncfusion.com/showcase/angular/appointmentplanner/#/dashboard"}
COMMAND: GET /session/e79b57c0-90c5-4791-84a3-e6d9c12a7ec6/title - {}
RESULT: {}
]]></system-out>
    </testcase>
    <testcase classname="firefox.97_0_1.mac.Doctors_Page_Test_Suite" name="should open modal" time="0.565">
      <system-out><![CDATA[
COMMAND: POST /session/e79b57c0-90c5-4791-84a3-e6d9c12a7ec6/url - {"url":"https://ej2.syncfusion.com/showcase/angular/appointmentplanner/#/dashboard"}
RESULT: {"url":"https://ej2.syncfusion.com/showcase/angular/appointmentplanner/#/dashboard"}
COMMAND: POST /session/e79b57c0-90c5-4791-84a3-e6d9c12a7ec6/element - {"using":"css selector","value":"[routerlink='/doctors']"}
RESULT: {"using":"css selector","value":"[routerlink='/doctors']"}
COMMAND: POST /session/e79b57c0-90c5-4791-84a3-e6d9c12a7ec6/element/cb2a396a-981a-4ae1-9239-5236992c3ae9/click - {}
RESULT: {}
COMMAND: POST /session/e79b57c0-90c5-4791-84a3-e6d9c12a7ec6/element - {"using":"css selector","value":".specialization-types button.e-control"}
RESULT: {"using":"css selector","value":".specialization-types button.e-control"}
COMMAND: POST /session/e79b57c0-90c5-4791-84a3-e6d9c12a7ec6/element/edd0f3c2-4148-4a4b-baa7-7b8b71be2817/click - {}
RESULT: {}
COMMAND: POST /session/e79b57c0-90c5-4791-84a3-e6d9c12a7ec6/element - {"using":"css selector","value":"#_dialog-content"}
RESULT: {"using":"css selector","value":"#_dialog-content"}
COMMAND: GET /session/e79b57c0-90c5-4791-84a3-e6d9c12a7ec6/element/6d2058c7-5683-4e7e-8d5e-9537095a2dba/displayed - {}
RESULT: {}
]]></system-out>
    </testcase>
    <testcase classname="firefox.97_0_1.mac.Doctors_Page_Test_Suite" name="should add doctor" time="1.026">
      <system-out><![CDATA[
COMMAND: POST /session/e79b57c0-90c5-4791-84a3-e6d9c12a7ec6/url - {"url":"https://ej2.syncfusion.com/showcase/angular/appointmentplanner/#/dashboard"}
RESULT: {"url":"https://ej2.syncfusion.com/showcase/angular/appointmentplanner/#/dashboard"}
COMMAND: POST /session/e79b57c0-90c5-4791-84a3-e6d9c12a7ec6/element - {"using":"css selector","value":"[routerlink='/doctors']"}
RESULT: {"using":"css selector","value":"[routerlink='/doctors']"}
COMMAND: GET /session/e79b57c0-90c5-4791-84a3-e6d9c12a7ec6/element/cb2a396a-981a-4ae1-9239-5236992c3ae9/displayed - {}
RESULT: {}
COMMAND: POST /session/e79b57c0-90c5-4791-84a3-e6d9c12a7ec6/element - {"using":"css selector","value":"[routerlink='/doctors']"}
RESULT: {"using":"css selector","value":"[routerlink='/doctors']"}
COMMAND: POST /session/e79b57c0-90c5-4791-84a3-e6d9c12a7ec6/element/cb2a396a-981a-4ae1-9239-5236992c3ae9/click - {}
RESULT: {}
COMMAND: POST /session/e79b57c0-90c5-4791-84a3-e6d9c12a7ec6/element - {"using":"css selector","value":".specialization-types button.e-control"}
RESULT: {"using":"css selector","value":".specialization-types button.e-control"}
COMMAND: POST /session/e79b57c0-90c5-4791-84a3-e6d9c12a7ec6/element/f54e5975-a97a-4f97-b6da-ebcb24c824e0/click - {}
RESULT: {}
COMMAND: POST /session/e79b57c0-90c5-4791-84a3-e6d9c12a7ec6/element - {"using":"css selector","value":"#Name input"}
RESULT: {"using":"css selector","value":"#Name input"}
COMMAND: POST /session/e79b57c0-90c5-4791-84a3-e6d9c12a7ec6/element/8dc848d0-79ca-4233-96f6-4a23e4723cc2/clear - {}
RESULT: {}
COMMAND: POST /session/e79b57c0-90c5-4791-84a3-e6d9c12a7ec6/element/8dc848d0-79ca-4233-96f6-4a23e4723cc2/value - {"text":"John Doe"}
RESULT: {"text":"John Doe"}
COMMAND: POST /session/e79b57c0-90c5-4791-84a3-e6d9c12a7ec6/element - {"using":"css selector","value":"input#DoctorMobile"}
RESULT: {"using":"css selector","value":"input#DoctorMobile"}
COMMAND: POST /session/e79b57c0-90c5-4791-84a3-e6d9c12a7ec6/element/d463ff6d-ae43-420f-9265-d80a56f77b4b/clear - {}
RESULT: {}
COMMAND: POST /session/e79b57c0-90c5-4791-84a3-e6d9c12a7ec6/element/d463ff6d-ae43-420f-9265-d80a56f77b4b/value - {"text":"1111111111"}
RESULT: {"text":"1111111111"}
COMMAND: POST /session/e79b57c0-90c5-4791-84a3-e6d9c12a7ec6/element - {"using":"css selector","value":"input[name='Email']"}
RESULT: {"using":"css selector","value":"input[name='Email']"}
COMMAND: POST /session/e79b57c0-90c5-4791-84a3-e6d9c12a7ec6/element/08efdb35-d3a7-4452-b423-3ba5ec27fb19/clear - {}
RESULT: {}
COMMAND: POST /session/e79b57c0-90c5-4791-84a3-e6d9c12a7ec6/element/08efdb35-d3a7-4452-b423-3ba5ec27fb19/value - {"text":"test@test.com"}
RESULT: {"text":"test@test.com"}
COMMAND: POST /session/e79b57c0-90c5-4791-84a3-e6d9c12a7ec6/element - {"using":"css selector","value":"input[name='Education']"}
RESULT: {"using":"css selector","value":"input[name='Education']"}
COMMAND: POST /session/e79b57c0-90c5-4791-84a3-e6d9c12a7ec6/element/f31d5ac3-02f1-45e9-9ab4-d0f128da784a/clear - {}
RESULT: {}
COMMAND: POST /session/e79b57c0-90c5-4791-84a3-e6d9c12a7ec6/element/f31d5ac3-02f1-45e9-9ab4-d0f128da784a/value - {"text":"Basic"}
RESULT: {"text":"Basic"}
COMMAND: POST /session/e79b57c0-90c5-4791-84a3-e6d9c12a7ec6/element - {"using":"css selector","value":"input[name='Designation']"}
RESULT: {"using":"css selector","value":"input[name='Designation']"}
COMMAND: POST /session/e79b57c0-90c5-4791-84a3-e6d9c12a7ec6/element/8ea6839b-fd6f-4caa-bd22-6379c9061038/clear - {}
RESULT: {}
COMMAND: POST /session/e79b57c0-90c5-4791-84a3-e6d9c12a7ec6/element/8ea6839b-fd6f-4caa-bd22-6379c9061038/value - {"text":"Test"}
RESULT: {"text":"Test"}
COMMAND: POST /session/e79b57c0-90c5-4791-84a3-e6d9c12a7ec6/element - {"using":"css selector","value":".button-container button.e-primary"}
RESULT: {"using":"css selector","value":".button-container button.e-primary"}
COMMAND: POST /session/e79b57c0-90c5-4791-84a3-e6d9c12a7ec6/element/e12a1e44-e12a-43ea-8527-49396a9775a3/click - {}
RESULT: {}
COMMAND: POST /session/e79b57c0-90c5-4791-84a3-e6d9c12a7ec6/element - {"using":"css selector","value":"#_dialog-content"}
RESULT: {"using":"css selector","value":"#_dialog-content"}
COMMAND: GET /session/e79b57c0-90c5-4791-84a3-e6d9c12a7ec6/element/5c52c5f0-dbb2-443f-a48b-c14bb951fc9e/displayed - {}
RESULT: {}
COMMAND: POST /session/e79b57c0-90c5-4791-84a3-e6d9c12a7ec6/element - {"using":"css selector","value":"#Specialist_8"}
RESULT: {"using":"css selector","value":"#Specialist_8"}
COMMAND: POST /session/e79b57c0-90c5-4791-84a3-e6d9c12a7ec6/element/2b574920-fc35-4868-b1c3-7114adff89e7/element - {"using":"css selector","value":".name"}
RESULT: {"using":"css selector","value":".name"}
COMMAND: GET /session/e79b57c0-90c5-4791-84a3-e6d9c12a7ec6/element/c9b87193-8a9d-4245-baa9-930cc938bdc6/text - {}
RESULT: {}
COMMAND: POST /session/e79b57c0-90c5-4791-84a3-e6d9c12a7ec6/element/2b574920-fc35-4868-b1c3-7114adff89e7/element - {"using":"css selector","value":".education"}
RESULT: {"using":"css selector","value":".education"}
COMMAND: GET /session/e79b57c0-90c5-4791-84a3-e6d9c12a7ec6/element/4e9d3323-de41-44ba-bb1f-2edb49cc2fd3/text - {}
RESULT: {}
]]></system-out>
    </testcase>
    <testcase classname="firefox.97_0_1.mac.Doctors_Page_Test_Suite" name="should close modal" time="0.822">
      <system-out><![CDATA[
COMMAND: POST /session/e79b57c0-90c5-4791-84a3-e6d9c12a7ec6/url - {"url":"https://ej2.syncfusion.com/showcase/angular/appointmentplanner/#/dashboard"}
RESULT: {"url":"https://ej2.syncfusion.com/showcase/angular/appointmentplanner/#/dashboard"}
COMMAND: POST /session/e79b57c0-90c5-4791-84a3-e6d9c12a7ec6/element - {"using":"css selector","value":"[routerlink='/doctors']"}
RESULT: {"using":"css selector","value":"[routerlink='/doctors']"}
COMMAND: GET /session/e79b57c0-90c5-4791-84a3-e6d9c12a7ec6/element/cb2a396a-981a-4ae1-9239-5236992c3ae9/displayed - {}
RESULT: {}
COMMAND: POST /session/e79b57c0-90c5-4791-84a3-e6d9c12a7ec6/element - {"using":"css selector","value":"[routerlink='/doctors']"}
RESULT: {"using":"css selector","value":"[routerlink='/doctors']"}
COMMAND: POST /session/e79b57c0-90c5-4791-84a3-e6d9c12a7ec6/element/cb2a396a-981a-4ae1-9239-5236992c3ae9/click - {}
RESULT: {}
COMMAND: POST /session/e79b57c0-90c5-4791-84a3-e6d9c12a7ec6/element - {"using":"css selector","value":".specialization-types button.e-control"}
RESULT: {"using":"css selector","value":".specialization-types button.e-control"}
COMMAND: POST /session/e79b57c0-90c5-4791-84a3-e6d9c12a7ec6/element/3679307d-4d1c-4dd3-9b55-6d9a7ae5c7cf/click - {}
RESULT: {}
COMMAND: POST /session/e79b57c0-90c5-4791-84a3-e6d9c12a7ec6/element - {"using":"css selector","value":".button-container button.e-btn:not(.e-primary)"}
RESULT: {"using":"css selector","value":".button-container button.e-btn:not(.e-primary)"}
COMMAND: POST /session/e79b57c0-90c5-4791-84a3-e6d9c12a7ec6/element/5283e476-607a-4cbf-a6fb-1acabab160ef/click - {}
RESULT: {}
COMMAND: POST /session/e79b57c0-90c5-4791-84a3-e6d9c12a7ec6/element - {"using":"css selector","value":"#_dialog-content"}
RESULT: {"using":"css selector","value":"#_dialog-content"}
COMMAND: GET /session/e79b57c0-90c5-4791-84a3-e6d9c12a7ec6/element/2fe005d9-60e3-4680-8af9-582d1bab259e/displayed - {}
RESULT: {}
COMMAND: DELETE /session/e79b57c0-90c5-4791-84a3-e6d9c12a7ec6 - {}
RESULT: {}
]]></system-out>
    </testcase>
  </testsuite>
</testsuites>