<?xml version="1.0" encoding="UTF-8"?>
<testsuites>
  <testsuite name="Doctors Page Test Suite" timestamp="2022-03-18T13:17:13" time="4.689" tests="4" failures="0" errors="0" skipped="0">
    <properties>
      <property name="specId" value="0"/>
      <property name="suiteName" value="Doctors Page Test Suite"/>
      <property name="capabilities" value="chrome.99_0_4844_74.macosx"/>
      <property name="file" value="./test/specs/test.spec.js"/>
    </properties>
    <testcase classname="chrome.99_0_4844_74.macosx.Doctors_Page_Test_Suite" name="should open page" time="2.605">
      <system-out><![CDATA[
COMMAND: POST /session/7f859945ac9a0c4958ec77eee3365b5f/url - {"url":"https://ej2.syncfusion.com/showcase/angular/appointmentplanner/#/dashboard"}
RESULT: {"url":"https://ej2.syncfusion.com/showcase/angular/appointmentplanner/#/dashboard"}
COMMAND: GET /session/7f859945ac9a0c4958ec77eee3365b5f/title - {}
RESULT: {}
]]></system-out>
    </testcase>
    <testcase classname="chrome.99_0_4844_74.macosx.Doctors_Page_Test_Suite" name="should open modal" time="0.795">
      <system-out><![CDATA[
COMMAND: POST /session/7f859945ac9a0c4958ec77eee3365b5f/url - {"url":"https://ej2.syncfusion.com/showcase/angular/appointmentplanner/#/dashboard"}
RESULT: {"url":"https://ej2.syncfusion.com/showcase/angular/appointmentplanner/#/dashboard"}
COMMAND: POST /session/7f859945ac9a0c4958ec77eee3365b5f/element - {"using":"css selector","value":"[routerlink='/doctors']"}
RESULT: {"using":"css selector","value":"[routerlink='/doctors']"}
COMMAND: POST /session/7f859945ac9a0c4958ec77eee3365b5f/element/fabacaa8-1000-4515-b280-e4cc97d4978c/click - {}
RESULT: {}
COMMAND: POST /session/7f859945ac9a0c4958ec77eee3365b5f/element - {"using":"css selector","value":".specialization-types button.e-control"}
RESULT: {"using":"css selector","value":".specialization-types button.e-control"}
COMMAND: POST /session/7f859945ac9a0c4958ec77eee3365b5f/element/9ca6035e-39b4-4880-9fea-688311ee3635/click - {}
RESULT: {}
COMMAND: POST /session/7f859945ac9a0c4958ec77eee3365b5f/element - {"using":"css selector","value":"#_dialog-content"}
RESULT: {"using":"css selector","value":"#_dialog-content"}
COMMAND: POST /session/7f859945ac9a0c4958ec77eee3365b5f/execute/sync - {"script":"return (function isElementDisplayed(element) {\n    function nodeIsElement(node) {\n        if (!node) {\n            return false;\n        }\n        switch (node.nodeType) {\n            case Node.ELEMEN ... (7762 more bytes)","args":[{"element-6066-11e4-a52e-4f735466cecf":"d975d604-d825-4a45-a5bd-f7f8fc483f1d","ELEMENT":"d975d604-d825-4a45-a5bd-f7f8fc483f1d"}]}
RESULT: {"script":"return (function isElementDisplayed(element) {\n    function nodeIsElement(node) {\n        if (!node) {\n            return false;\n        }\n        switch (node.nodeType) {\n            case Node.ELEMEN ... (7762 more bytes)","args":[{"element-6066-11e4-a52e-4f735466cecf":"d975d604-d825-4a45-a5bd-f7f8fc483f1d","ELEMENT":"d975d604-d825-4a45-a5bd-f7f8fc483f1d"}]}
]]></system-out>
    </testcase>
    <testcase classname="chrome.99_0_4844_74.macosx.Doctors_Page_Test_Suite" name="should add doctor" time="0.958">
      <system-out><![CDATA[
COMMAND: POST /session/7f859945ac9a0c4958ec77eee3365b5f/url - {"url":"https://ej2.syncfusion.com/showcase/angular/appointmentplanner/#/dashboard"}
RESULT: {"url":"https://ej2.syncfusion.com/showcase/angular/appointmentplanner/#/dashboard"}
COMMAND: POST /session/7f859945ac9a0c4958ec77eee3365b5f/element - {"using":"css selector","value":"[routerlink='/doctors']"}
RESULT: {"using":"css selector","value":"[routerlink='/doctors']"}
COMMAND: POST /session/7f859945ac9a0c4958ec77eee3365b5f/execute/sync - {"script":"return (function isElementDisplayed(element) {\n    function nodeIsElement(node) {\n        if (!node) {\n            return false;\n        }\n        switch (node.nodeType) {\n            case Node.ELEMEN ... (7762 more bytes)","args":[{"element-6066-11e4-a52e-4f735466cecf":"fabacaa8-1000-4515-b280-e4cc97d4978c","ELEMENT":"fabacaa8-1000-4515-b280-e4cc97d4978c"}]}
RESULT: {"script":"return (function isElementDisplayed(element) {\n    function nodeIsElement(node) {\n        if (!node) {\n            return false;\n        }\n        switch (node.nodeType) {\n            case Node.ELEMEN ... (7762 more bytes)","args":[{"element-6066-11e4-a52e-4f735466cecf":"fabacaa8-1000-4515-b280-e4cc97d4978c","ELEMENT":"fabacaa8-1000-4515-b280-e4cc97d4978c"}]}
COMMAND: POST /session/7f859945ac9a0c4958ec77eee3365b5f/element - {"using":"css selector","value":"[routerlink='/doctors']"}
RESULT: {"using":"css selector","value":"[routerlink='/doctors']"}
COMMAND: POST /session/7f859945ac9a0c4958ec77eee3365b5f/element/fabacaa8-1000-4515-b280-e4cc97d4978c/click - {}
RESULT: {}
COMMAND: POST /session/7f859945ac9a0c4958ec77eee3365b5f/element - {"using":"css selector","value":".specialization-types button.e-control"}
RESULT: {"using":"css selector","value":".specialization-types button.e-control"}
COMMAND: POST /session/7f859945ac9a0c4958ec77eee3365b5f/element/3a8d0ca8-860d-4c64-b498-54154124ecd8/click - {}
RESULT: {}
COMMAND: POST /session/7f859945ac9a0c4958ec77eee3365b5f/element - {"using":"css selector","value":"#Name input"}
RESULT: {"using":"css selector","value":"#Name input"}
COMMAND: POST /session/7f859945ac9a0c4958ec77eee3365b5f/element/841cc3ec-95c1-48c3-a113-3603a6043f8f/clear - {}
RESULT: {}
COMMAND: POST /session/7f859945ac9a0c4958ec77eee3365b5f/element/841cc3ec-95c1-48c3-a113-3603a6043f8f/value - {"text":"John Doe"}
RESULT: {"text":"John Doe"}
COMMAND: POST /session/7f859945ac9a0c4958ec77eee3365b5f/element - {"using":"css selector","value":"input#DoctorMobile"}
RESULT: {"using":"css selector","value":"input#DoctorMobile"}
COMMAND: POST /session/7f859945ac9a0c4958ec77eee3365b5f/element/b8f735ce-ce72-4a80-a0ca-e472620eb5e8/clear - {}
RESULT: {}
COMMAND: POST /session/7f859945ac9a0c4958ec77eee3365b5f/element/b8f735ce-ce72-4a80-a0ca-e472620eb5e8/value - {"text":"1111111111"}
RESULT: {"text":"1111111111"}
COMMAND: POST /session/7f859945ac9a0c4958ec77eee3365b5f/element - {"using":"css selector","value":"input[name='Email']"}
RESULT: {"using":"css selector","value":"input[name='Email']"}
COMMAND: POST /session/7f859945ac9a0c4958ec77eee3365b5f/element/151f8f75-af1f-4d12-913f-fc9674813e29/clear - {}
RESULT: {}
COMMAND: POST /session/7f859945ac9a0c4958ec77eee3365b5f/element/151f8f75-af1f-4d12-913f-fc9674813e29/value - {"text":"test@test.com"}
RESULT: {"text":"test@test.com"}
COMMAND: POST /session/7f859945ac9a0c4958ec77eee3365b5f/element - {"using":"css selector","value":"input[name='Education']"}
RESULT: {"using":"css selector","value":"input[name='Education']"}
COMMAND: POST /session/7f859945ac9a0c4958ec77eee3365b5f/element/d46ab275-b6e1-4a06-a1ed-be9a62ca951c/clear - {}
RESULT: {}
COMMAND: POST /session/7f859945ac9a0c4958ec77eee3365b5f/element/d46ab275-b6e1-4a06-a1ed-be9a62ca951c/value - {"text":"Basic"}
RESULT: {"text":"Basic"}
COMMAND: POST /session/7f859945ac9a0c4958ec77eee3365b5f/element - {"using":"css selector","value":"input[name='Designation']"}
RESULT: {"using":"css selector","value":"input[name='Designation']"}
COMMAND: POST /session/7f859945ac9a0c4958ec77eee3365b5f/element/a479c5f0-4f75-436f-a92e-681c0593abef/clear - {}
RESULT: {}
COMMAND: POST /session/7f859945ac9a0c4958ec77eee3365b5f/element/a479c5f0-4f75-436f-a92e-681c0593abef/value - {"text":"Test"}
RESULT: {"text":"Test"}
COMMAND: POST /session/7f859945ac9a0c4958ec77eee3365b5f/element - {"using":"css selector","value":".button-container button.e-primary"}
RESULT: {"using":"css selector","value":".button-container button.e-primary"}
COMMAND: POST /session/7f859945ac9a0c4958ec77eee3365b5f/element/06fb2104-1c06-48cf-a3fc-76fda7ba2da8/click - {}
RESULT: {}
COMMAND: POST /session/7f859945ac9a0c4958ec77eee3365b5f/element - {"using":"css selector","value":"#_dialog-content"}
RESULT: {"using":"css selector","value":"#_dialog-content"}
COMMAND: POST /session/7f859945ac9a0c4958ec77eee3365b5f/execute/sync - {"script":"return (function isElementDisplayed(element) {\n    function nodeIsElement(node) {\n        if (!node) {\n            return false;\n        }\n        switch (node.nodeType) {\n            case Node.ELEMEN ... (7762 more bytes)","args":[{"element-6066-11e4-a52e-4f735466cecf":"24d87bdb-c999-42e7-a3fa-30fc0a65e3c7","ELEMENT":"24d87bdb-c999-42e7-a3fa-30fc0a65e3c7"}]}
RESULT: {"script":"return (function isElementDisplayed(element) {\n    function nodeIsElement(node) {\n        if (!node) {\n            return false;\n        }\n        switch (node.nodeType) {\n            case Node.ELEMEN ... (7762 more bytes)","args":[{"element-6066-11e4-a52e-4f735466cecf":"24d87bdb-c999-42e7-a3fa-30fc0a65e3c7","ELEMENT":"24d87bdb-c999-42e7-a3fa-30fc0a65e3c7"}]}
COMMAND: POST /session/7f859945ac9a0c4958ec77eee3365b5f/element - {"using":"css selector","value":"#Specialist_8"}
RESULT: {"using":"css selector","value":"#Specialist_8"}
COMMAND: POST /session/7f859945ac9a0c4958ec77eee3365b5f/element/72654923-2402-4105-8bf8-d7d745b8240d/element - {"using":"css selector","value":".name"}
RESULT: {"using":"css selector","value":".name"}
COMMAND: GET /session/7f859945ac9a0c4958ec77eee3365b5f/element/613c1e83-8989-4d03-a362-63855538cc0b/text - {}
RESULT: {}
COMMAND: POST /session/7f859945ac9a0c4958ec77eee3365b5f/element/72654923-2402-4105-8bf8-d7d745b8240d/element - {"using":"css selector","value":".education"}
RESULT: {"using":"css selector","value":".education"}
COMMAND: GET /session/7f859945ac9a0c4958ec77eee3365b5f/element/ee1990f1-31f1-47e6-a914-4a6bd3668a64/text - {}
RESULT: {}
]]></system-out>
    </testcase>
    <testcase classname="chrome.99_0_4844_74.macosx.Doctors_Page_Test_Suite" name="should close modal" time="0.328">
      <system-out><![CDATA[
COMMAND: POST /session/7f859945ac9a0c4958ec77eee3365b5f/url - {"url":"https://ej2.syncfusion.com/showcase/angular/appointmentplanner/#/dashboard"}
RESULT: {"url":"https://ej2.syncfusion.com/showcase/angular/appointmentplanner/#/dashboard"}
COMMAND: POST /session/7f859945ac9a0c4958ec77eee3365b5f/element - {"using":"css selector","value":"[routerlink='/doctors']"}
RESULT: {"using":"css selector","value":"[routerlink='/doctors']"}
COMMAND: POST /session/7f859945ac9a0c4958ec77eee3365b5f/execute/sync - {"script":"return (function isElementDisplayed(element) {\n    function nodeIsElement(node) {\n        if (!node) {\n            return false;\n        }\n        switch (node.nodeType) {\n            case Node.ELEMEN ... (7762 more bytes)","args":[{"element-6066-11e4-a52e-4f735466cecf":"fabacaa8-1000-4515-b280-e4cc97d4978c","ELEMENT":"fabacaa8-1000-4515-b280-e4cc97d4978c"}]}
RESULT: {"script":"return (function isElementDisplayed(element) {\n    function nodeIsElement(node) {\n        if (!node) {\n            return false;\n        }\n        switch (node.nodeType) {\n            case Node.ELEMEN ... (7762 more bytes)","args":[{"element-6066-11e4-a52e-4f735466cecf":"fabacaa8-1000-4515-b280-e4cc97d4978c","ELEMENT":"fabacaa8-1000-4515-b280-e4cc97d4978c"}]}
COMMAND: POST /session/7f859945ac9a0c4958ec77eee3365b5f/element - {"using":"css selector","value":"[routerlink='/doctors']"}
RESULT: {"using":"css selector","value":"[routerlink='/doctors']"}
COMMAND: POST /session/7f859945ac9a0c4958ec77eee3365b5f/element/fabacaa8-1000-4515-b280-e4cc97d4978c/click - {}
RESULT: {}
COMMAND: POST /session/7f859945ac9a0c4958ec77eee3365b5f/element - {"using":"css selector","value":".specialization-types button.e-control"}
RESULT: {"using":"css selector","value":".specialization-types button.e-control"}
COMMAND: POST /session/7f859945ac9a0c4958ec77eee3365b5f/element/e4772f07-d96c-427d-9e3c-1a9d47433661/click - {}
RESULT: {}
COMMAND: POST /session/7f859945ac9a0c4958ec77eee3365b5f/element - {"using":"css selector","value":".button-container button.e-btn:not(.e-primary)"}
RESULT: {"using":"css selector","value":".button-container button.e-btn:not(.e-primary)"}
COMMAND: POST /session/7f859945ac9a0c4958ec77eee3365b5f/element/efd5e047-2fa7-4a1e-8833-28aee5d8666b/click - {}
RESULT: {}
COMMAND: POST /session/7f859945ac9a0c4958ec77eee3365b5f/element - {"using":"css selector","value":"#_dialog-content"}
RESULT: {"using":"css selector","value":"#_dialog-content"}
COMMAND: POST /session/7f859945ac9a0c4958ec77eee3365b5f/execute/sync - {"script":"return (function isElementDisplayed(element) {\n    function nodeIsElement(node) {\n        if (!node) {\n            return false;\n        }\n        switch (node.nodeType) {\n            case Node.ELEMEN ... (7762 more bytes)","args":[{"element-6066-11e4-a52e-4f735466cecf":"594308ed-bfdf-4530-87da-deecc94936f3","ELEMENT":"594308ed-bfdf-4530-87da-deecc94936f3"}]}
RESULT: {"script":"return (function isElementDisplayed(element) {\n    function nodeIsElement(node) {\n        if (!node) {\n            return false;\n        }\n        switch (node.nodeType) {\n            case Node.ELEMEN ... (7762 more bytes)","args":[{"element-6066-11e4-a52e-4f735466cecf":"594308ed-bfdf-4530-87da-deecc94936f3","ELEMENT":"594308ed-bfdf-4530-87da-deecc94936f3"}]}
COMMAND: DELETE /session/7f859945ac9a0c4958ec77eee3365b5f - {}
RESULT: {}
]]></system-out>
    </testcase>
  </testsuite>
</testsuites>